<?xml version="1.0" encoding="UTF-8"?>
<!-- Generated by org.testng.reporters.JUnitReportReporter -->
<testsuite hostname="HEMAINDUSTRIES" failures="0" tests="6" name="testCases.TC003_LoginDDT" time="69.477" errors="0" timestamp="2025-05-08T15:32:08 IST" skipped="0">
  <testcase classname="testCases.TC003_LoginDDT" name="verify_loginDDT" time="4.968"/>
  <testcase classname="testCases.TC003_LoginDDT" name="verify_loginDDT" time="24.820"/>
  <testcase classname="testCases.TC003_LoginDDT" name="verify_loginDDT" time="5.074"/>
  <testcase classname="testCases.TC003_LoginDDT" name="verify_loginDDT" time="5.273"/>
  <testcase classname="testCases.TC003_LoginDDT" name="verify_loginDDT" time="5.461"/>
  <testcase classname="testCases.TC003_LoginDDT" name="verify_loginDDT" time="23.881"/>
</testsuite> <!-- testCases.TC003_LoginDDT -->
