<?xml version="1.0" encoding="UTF-8"?>
<!-- Generated by org.testng.reporters.JUnitReportReporter -->
<testsuite hostname="HEMAINDUSTRIES" failures="0" tests="1" name="testCases.TC001_AccountRegistrationTest" time="3.673" errors="0" timestamp="2025-05-11T05:42:59 IST" skipped="0">
  <testcase classname="testCases.TC001_AccountRegistrationTest" name="verify_account_registration" time="3.673"/>
</testsuite> <!-- testCases.TC001_AccountRegistrationTest -->
